{"level":"info","message":"[Boot] Starting WA-Bridge...","timestamp":"2026-07-23T08:52:03.954Z"}
{"level":"info","message":"[Boot] Connecting to Redis...","timestamp":"2026-07-23T08:52:03.955Z"}
{"err":"Client network socket disconnected before secure TLS connection was established","level":"error","message":"[Redis] Connection error","timestamp":"2026-07-23T08:52:03.977Z"}
{"err":"Client network socket disconnected before secure TLS connection was established","level":"error","message":"[Redis] Connection error","timestamp":"2026-07-23T08:52:04.480Z"}
{"err":"Client network socket disconnected before secure TLS connection was established","level":"error","message":"[Redis] Connection error","timestamp":"2026-07-23T08:52:05.484Z"}
{"err":"Client network socket disconnected before secure TLS connection was established","level":"error","message":"[Redis] Connection error","timestamp":"2026-07-23T08:52:06.989Z"}
{"err":"Client network socket disconnected before secure TLS connection was established","level":"error","message":"[Redis] Connection error","timestamp":"2026-07-23T08:52:08.994Z"}
{"err":"Client network socket disconnected before secure TLS connection was established","level":"error","message":"[Redis] Connection error","timestamp":"2026-07-23T08:52:11.499Z"}
{"err":"Client network socket disconnected before secure TLS connection was established","level":"error","message":"[Redis] Connection error","timestamp":"2026-07-23T08:52:14.502Z"}
{"err":"Client network socket disconnected before secure TLS connection was established","level":"error","message":"[Redis] Connection error","timestamp":"2026-07-23T08:52:18.009Z"}
{"err":"Client network socket disconnected before secure TLS connection was established","level":"error","message":"[Redis] Connection error","timestamp":"2026-07-23T08:52:22.015Z"}
{"err":"Client network socket disconnected before secure TLS connection was established","level":"error","message":"[Redis] Connection error","timestamp":"2026-07-23T08:52:26.520Z"}
{"err":"Client network socket disconnected before secure TLS connection was established","level":"error","message":"[Redis] Connection error","timestamp":"2026-07-23T08:52:31.525Z"}
{"err":"Client network socket disconnected before secure TLS connection was established","level":"error","message":"[Redis] Connection error","timestamp":"2026-07-23T08:52:36.527Z"}
{"err":"Client network socket disconnected before secure TLS connection was established","level":"error","message":"[Redis] Connection error","timestamp":"2026-07-23T08:52:41.535Z"}
{"err":"Client network socket disconnected before secure TLS connection was established","level":"error","message":"[Redis] Connection error","timestamp":"2026-07-23T08:52:46.538Z"}
{"err":"Client network socket disconnected before secure TLS connection was established","level":"error","message":"[Redis] Connection error","timestamp":"2026-07-23T08:52:51.546Z"}
{"err":"Client network socket disconnected before secure TLS connection was established","level":"error","message":"[Redis] Connection error","timestamp":"2026-07-23T08:52:56.550Z"}
{"err":"Client network socket disconnected before secure TLS connection was established","level":"error","message":"[Redis] Connection error","timestamp":"2026-07-23T08:53:01.554Z"}
{"level":"info","message":"[Boot] Starting WA-Bridge...","timestamp":"2026-07-23T08:53:13.598Z"}
{"level":"info","message":"[Boot] Connecting to Redis...","timestamp":"2026-07-23T08:53:13.598Z"}
{"err":"Client network socket disconnected before secure TLS connection was established","level":"error","message":"[Redis] Connection error","timestamp":"2026-07-23T08:53:13.617Z"}
{"err":"Redis startup timeout","level":"warn","message":"[Boot] Redis unavailable; starting in degraded mode without BullMQ workers","timestamp":"2026-07-23T08:53:23.602Z"}
{"level":"info","message":"[Boot] Initializing Telegram bot...","timestamp":"2026-07-23T08:53:23.603Z"}
{"level":"info","message":"[Boot] Starting BullMQ workers...","timestamp":"2026-07-23T08:53:23.604Z"}
{"level":"warn","message":"[Boot] Queue-backed bulk operations are disabled until the next healthy restart","timestamp":"2026-07-23T08:53:23.605Z"}
{"level":"info","message":"[Boot] Restoring sessions from disk...","timestamp":"2026-07-23T08:53:23.605Z"}
{"level":"info","message":"[Boot] Restored 0 session(s)","timestamp":"2026-07-23T08:53:23.605Z"}
{"level":"info","message":"[Boot] Launching Telegram bot...","timestamp":"2026-07-23T08:53:23.605Z"}
{"err":"Client network socket disconnected before secure TLS connection was established","level":"error","message":"[Redis] Connection error","timestamp":"2026-07-23T08:53:46.164Z"}
{"err":"Client network socket disconnected before secure TLS connection was established","level":"error","message":"[Redis] Connection error","timestamp":"2026-07-23T08:54:16.188Z"}
{"err":"Client network socket disconnected before secure TLS connection was established","level":"error","message":"[Redis] Connection error","timestamp":"2026-07-23T08:54:46.213Z"}
{"err":"Client network socket disconnected before secure TLS connection was established","level":"error","message":"[Redis] Connection error","timestamp":"2026-07-23T08:55:16.236Z"}
{"err":"Client network socket disconnected before secure TLS connection was established","level":"error","message":"[Redis] Connection error","timestamp":"2026-07-23T08:55:46.265Z"}
{"err":"Error: 400: Bad Request: message can't be edited","level":"error","message":"[Bot] Unhandled error","timestamp":"2026-07-23T08:56:13.361Z","update":"message"}
{"err":"Client network socket disconnected before secure TLS connection was established","level":"error","message":"[Redis] Connection error","timestamp":"2026-07-23T08:56:16.292Z"}
{"err":"Client network socket disconnected before secure TLS connection was established","level":"error","message":"[Redis] Connection error","timestamp":"2026-07-23T08:56:46.311Z"}
{"err":"Client network socket disconnected before secure TLS connection was established","level":"error","message":"[Redis] Connection error","timestamp":"2026-07-23T08:57:16.339Z"}
{"err":"Client network socket disconnected before secure TLS connection was established","level":"error","message":"[Redis] Connection error","timestamp":"2026-07-23T08:57:46.370Z"}
{"err":"Client network socket disconnected before secure TLS connection was established","level":"error","message":"[Redis] Connection error","timestamp":"2026-07-23T08:58:16.403Z"}
{"err":"Client network socket disconnected before secure TLS connection was established","level":"error","message":"[Redis] Connection error","timestamp":"2026-07-23T08:58:46.434Z"}
{"err":"Client network socket disconnected before secure TLS connection was established","level":"error","message":"[Redis] Connection error","timestamp":"2026-07-23T08:59:16.467Z"}
{"err":"Client network socket disconnected before secure TLS connection was established","level":"error","message":"[Redis] Connection error","timestamp":"2026-07-23T08:59:46.496Z"}
{"err":"Client network socket disconnected before secure TLS connection was established","level":"error","message":"[Redis] Connection error","timestamp":"2026-07-23T09:00:16.533Z"}
{"err":"Client network socket disconnected before secure TLS connection was established","level":"error","message":"[Redis] Connection error","timestamp":"2026-07-23T09:00:46.561Z"}
{"err":"Client network socket disconnected before secure TLS connection was established","level":"error","message":"[Redis] Connection error","timestamp":"2026-07-23T09:01:16.587Z"}
{"err":"Client network socket disconnected before secure TLS connection was established","level":"error","message":"[Redis] Connection error","timestamp":"2026-07-23T09:01:46.618Z"}
{"err":"Client network socket disconnected before secure TLS connection was established","level":"error","message":"[Redis] Connection error","timestamp":"2026-07-23T09:02:16.650Z"}
{"err":"Client network socket disconnected before secure TLS connection was established","level":"error","message":"[Redis] Connection error","timestamp":"2026-07-23T09:02:46.683Z"}
{"level":"info","message":"[Boot] Starting WA-Bridge...","timestamp":"2026-07-23T09:03:05.057Z"}
{"level":"info","message":"[Boot] Connecting to Redis...","timestamp":"2026-07-23T09:03:05.058Z"}
{"err":"Client network socket disconnected before secure TLS connection was established","level":"error","message":"[Redis] Connection error","timestamp":"2026-07-23T09:03:05.082Z"}
{"err":"Redis startup timeout","level":"warn","message":"[Boot] Redis unavailable; starting in degraded mode without BullMQ workers","timestamp":"2026-07-23T09:03:15.063Z"}
{"level":"info","message":"[Boot] Initializing Telegram bot...","timestamp":"2026-07-23T09:03:15.063Z"}
{"level":"info","message":"[Boot] Starting BullMQ workers...","timestamp":"2026-07-23T09:03:15.065Z"}
{"level":"warn","message":"[Boot] Queue-backed bulk operations are disabled until the next healthy restart","timestamp":"2026-07-23T09:03:15.065Z"}
{"level":"info","message":"[Boot] Restoring sessions from disk...","timestamp":"2026-07-23T09:03:15.065Z"}
{"level":"info","message":"[Boot] Restored 0 session(s)","timestamp":"2026-07-23T09:03:15.066Z"}
{"level":"info","message":"[Boot] Launching Telegram bot...","timestamp":"2026-07-23T09:03:15.066Z"}
{"err":"Error: 409: Conflict: terminated by other getUpdates request; make sure that only one bot instance is running","level":"error","message":"[Boot] Fatal error during startup","timestamp":"2026-07-23T09:03:15.545Z"}
{"err":"Client network socket disconnected before secure TLS connection was established","level":"error","message":"[Redis] Connection error","timestamp":"2026-07-23T09:03:37.633Z"}
{"err":"Client network socket disconnected before secure TLS connection was established","level":"error","message":"[Redis] Connection error","timestamp":"2026-07-23T09:04:07.657Z"}
{"err":"Client network socket disconnected before secure TLS connection was established","level":"error","message":"[Redis] Connection error","timestamp":"2026-07-23T09:04:37.683Z"}
{"err":"Client network socket disconnected before secure TLS connection was established","level":"error","message":"[Redis] Connection error","timestamp":"2026-07-23T09:05:07.704Z"}
{"err":"Client network socket disconnected before secure TLS connection was established","level":"error","message":"[Redis] Connection error","timestamp":"2026-07-23T09:05:37.744Z"}
{"err":"Client network socket disconnected before secure TLS connection was established","level":"error","message":"[Redis] Connection error","timestamp":"2026-07-23T09:06:07.771Z"}
{"level":"info","message":"QR code generated","sessionId":"1_8831887192_2347034171763","timestamp":"2026-07-23T09:06:37.198Z"}
{"err":"Client network socket disconnected before secure TLS connection was established","level":"error","message":"[Redis] Connection error","timestamp":"2026-07-23T09:06:37.800Z"}
{"err":"Client network socket disconnected before secure TLS connection was established","level":"error","message":"[Redis] Connection error","timestamp":"2026-07-23T09:07:07.835Z"}
{"level":"info","message":"QR code generated","sessionId":"1_8831887192_2347034171763","timestamp":"2026-07-23T09:07:37.220Z"}
{"err":"Client network socket disconnected before secure TLS connection was established","level":"error","message":"[Redis] Connection error","timestamp":"2026-07-23T09:07:37.866Z"}
{"level":"info","message":"QR code generated","sessionId":"1_8831887192_2347034171763","timestamp":"2026-07-23T09:07:57.233Z"}
{"err":"Client network socket disconnected before secure TLS connection was established","level":"error","message":"[Redis] Connection error","timestamp":"2026-07-23T09:08:07.902Z"}
{"level":"info","message":"QR code generated","sessionId":"1_8831887192_2347034171763","timestamp":"2026-07-23T09:08:17.243Z"}
{"level":"info","message":"QR code generated","sessionId":"1_8831887192_2347034171763","timestamp":"2026-07-23T09:08:37.256Z"}
{"err":"Client network socket disconnected before secure TLS connection was established","level":"error","message":"[Redis] Connection error","timestamp":"2026-07-23T09:08:37.944Z"}
{"level":"info","message":"QR code generated","sessionId":"1_8831887192_2347034171763","timestamp":"2026-07-23T09:08:57.263Z"}
{"err":"Client network socket disconnected before secure TLS connection was established","level":"error","message":"[Redis] Connection error","timestamp":"2026-07-23T09:09:07.983Z"}
{"code":408,"generation":1,"level":"warn","message":"Connection closed","registered":false,"sessionId":"1_8831887192_2347034171763","timestamp":"2026-07-23T09:09:17.532Z"}
{"alertUser":false,"error":"QR refs attempts ended","level":"warn","message":"[Recovery] 1_8831887192_2347034171763 → reconnect","reason":"408 Timeout — transient connection issue, will retry","timestamp":"2026-07-23T09:09:17.534Z"}
{"delay":3886,"level":"info","message":"Reconnect scheduled","restartRequired":false,"sessionId":"1_8831887192_2347034171763","timestamp":"2026-07-23T09:09:17.534Z"}
{"level":"info","message":"QR code generated","sessionId":"1_8831887192_2347034171763","timestamp":"2026-07-23T09:09:22.188Z"}
{"err":"Client network socket disconnected before secure TLS connection was established","level":"error","message":"[Redis] Connection error","timestamp":"2026-07-23T09:09:38.011Z"}
{"err":"Client network socket disconnected before secure TLS connection was established","level":"error","message":"[Redis] Connection error","timestamp":"2026-07-23T09:10:08.035Z"}
{"level":"info","message":"QR code generated","sessionId":"1_8831887192_2347034171763","timestamp":"2026-07-23T09:10:22.196Z"}
{"err":"Client network socket disconnected before secure TLS connection was established","level":"error","message":"[Redis] Connection error","timestamp":"2026-07-23T09:10:38.065Z"}
{"level":"info","message":"QR code generated","sessionId":"1_8831887192_2347034171763","timestamp":"2026-07-23T09:10:42.203Z"}
{"level":"info","message":"[Boot] Starting WA-Bridge...","timestamp":"2026-07-23T09:11:08.164Z"}
{"level":"info","message":"[Boot] Connecting to Redis...","timestamp":"2026-07-23T09:11:08.165Z"}
{"err":"Client network socket disconnected before secure TLS connection was established","level":"error","message":"[Redis] Connection error","timestamp":"2026-07-23T09:11:08.189Z"}
{"err":"Redis startup timeout","level":"warn","message":"[Boot] Redis unavailable; starting in degraded mode without BullMQ workers","timestamp":"2026-07-23T09:11:18.169Z"}
{"level":"info","message":"[Boot] Initializing Telegram bot...","timestamp":"2026-07-23T09:11:18.169Z"}
{"level":"info","message":"[Boot] Starting BullMQ workers...","timestamp":"2026-07-23T09:11:18.171Z"}
{"level":"warn","message":"[Boot] Queue-backed bulk operations are disabled until the next healthy restart","timestamp":"2026-07-23T09:11:18.171Z"}
{"level":"info","message":"[Boot] Restoring sessions from disk...","timestamp":"2026-07-23T09:11:18.171Z"}
{"level":"info","message":"[Boot] Restored 0 session(s)","timestamp":"2026-07-23T09:11:18.172Z"}
{"level":"info","message":"[Boot] Launching Telegram bot...","timestamp":"2026-07-23T09:11:18.172Z"}
{"err":"Client network socket disconnected before secure TLS connection was established","level":"error","message":"[Redis] Connection error","timestamp":"2026-07-23T09:11:40.735Z"}
{"err":"Client network socket disconnected before secure TLS connection was established","level":"error","message":"[Redis] Connection error","timestamp":"2026-07-23T09:12:10.771Z"}
{"err":"Client network socket disconnected before secure TLS connection was established","level":"error","message":"[Redis] Connection error","timestamp":"2026-07-23T09:12:40.795Z"}
{"err":"Client network socket disconnected before secure TLS connection was established","level":"error","message":"[Redis] Connection error","timestamp":"2026-07-23T09:13:10.820Z"}
{"err":"Client network socket disconnected before secure TLS connection was established","level":"error","message":"[Redis] Connection error","timestamp":"2026-07-23T09:13:40.850Z"}
{"level":"warn","message":"[Workspace] Purged session 1_8831887192_2347034171763 for 8831887192","timestamp":"2026-07-23T09:13:49.760Z"}
{"err":"Client network socket disconnected before secure TLS connection was established","level":"error","message":"[Redis] Connection error","timestamp":"2026-07-23T09:14:10.876Z"}
{"err":"Client network socket disconnected before secure TLS connection was established","level":"error","message":"[Redis] Connection error","timestamp":"2026-07-23T09:14:40.911Z"}
{"err":"Client network socket disconnected before secure TLS connection was established","level":"error","message":"[Redis] Connection error","timestamp":"2026-07-23T09:15:10.936Z"}
{"err":"Client network socket disconnected before secure TLS connection was established","level":"error","message":"[Redis] Connection error","timestamp":"2026-07-23T09:15:40.970Z"}
{"err":"Client network socket disconnected before secure TLS connection was established","level":"error","message":"[Redis] Connection error","timestamp":"2026-07-23T09:16:11.000Z"}
{"err":"Client network socket disconnected before secure TLS connection was established","level":"error","message":"[Redis] Connection error","timestamp":"2026-07-23T09:16:41.032Z"}
{"err":"Client network socket disconnected before secure TLS connection was established","level":"error","message":"[Redis] Connection error","timestamp":"2026-07-23T09:17:11.059Z"}
{"err":"Client network socket disconnected before secure TLS connection was established","level":"error","message":"[Redis] Connection error","timestamp":"2026-07-23T09:17:41.088Z"}
{"err":"Client network socket disconnected before secure TLS connection was established","level":"error","message":"[Redis] Connection error","timestamp":"2026-07-23T09:18:11.120Z"}
{"err":"Client network socket disconnected before secure TLS connection was established","level":"error","message":"[Redis] Connection error","timestamp":"2026-07-23T09:18:41.151Z"}
{"err":"Client network socket disconnected before secure TLS connection was established","level":"error","message":"[Redis] Connection error","timestamp":"2026-07-23T09:19:11.186Z"}
{"err":"Client network socket disconnected before secure TLS connection was established","level":"error","message":"[Redis] Connection error","timestamp":"2026-07-23T09:19:41.215Z"}
{"err":"Client network socket disconnected before secure TLS connection was established","level":"error","message":"[Redis] Connection error","timestamp":"2026-07-23T09:20:11.246Z"}
{"err":"Client network socket disconnected before secure TLS connection was established","level":"error","message":"[Redis] Connection error","timestamp":"2026-07-23T09:20:41.271Z"}
{"err":"Client network socket disconnected before secure TLS connection was established","level":"error","message":"[Redis] Connection error","timestamp":"2026-07-23T09:21:11.299Z"}
{"err":"Client network socket disconnected before secure TLS connection was established","level":"error","message":"[Redis] Connection error","timestamp":"2026-07-23T09:21:41.324Z"}
{"err":"Client network socket disconnected before secure TLS connection was established","level":"error","message":"[Redis] Connection error","timestamp":"2026-07-23T09:22:11.353Z"}
{"err":"Client network socket disconnected before secure TLS connection was established","level":"error","message":"[Redis] Connection error","timestamp":"2026-07-23T09:22:41.384Z"}
{"err":"Client network socket disconnected before secure TLS connection was established","level":"error","message":"[Redis] Connection error","timestamp":"2026-07-23T09:23:11.413Z"}
{"err":"Client network socket disconnected before secure TLS connection was established","level":"error","message":"[Redis] Connection error","timestamp":"2026-07-23T09:23:41.446Z"}
{"err":"Client network socket disconnected before secure TLS connection was established","level":"error","message":"[Redis] Connection error","timestamp":"2026-07-23T09:24:11.483Z"}
{"err":"Client network socket disconnected before secure TLS connection was established","level":"error","message":"[Redis] Connection error","timestamp":"2026-07-23T09:24:41.510Z"}
{"err":"Client network socket disconnected before secure TLS connection was established","level":"error","message":"[Redis] Connection error","timestamp":"2026-07-23T09:25:11.570Z"}
{"err":"Client network socket disconnected before secure TLS connection was established","level":"error","message":"[Redis] Connection error","timestamp":"2026-07-23T09:25:41.604Z"}
{"err":"Client network socket disconnected before secure TLS connection was established","level":"error","message":"[Redis] Connection error","timestamp":"2026-07-23T09:26:11.629Z"}
{"level":"info","message":"[Boot] Starting WA-Bridge...","timestamp":"2026-07-23T09:26:45.304Z"}
{"level":"info","message":"[Boot] Connecting to Redis...","timestamp":"2026-07-23T09:26:45.305Z"}
{"err":"Client network socket disconnected before secure TLS connection was established","level":"error","message":"[Redis] Connection error","timestamp":"2026-07-23T09:26:45.328Z"}
{"err":"Redis startup timeout","level":"warn","message":"[Boot] Redis unavailable; starting in degraded mode without BullMQ workers","timestamp":"2026-07-23T09:26:55.309Z"}
{"level":"info","message":"[Boot] Initializing Telegram bot...","timestamp":"2026-07-23T09:26:55.310Z"}
{"level":"info","message":"[Boot] Starting BullMQ workers...","timestamp":"2026-07-23T09:26:55.311Z"}
{"level":"warn","message":"[Boot] Queue-backed bulk operations are disabled until the next healthy restart","timestamp":"2026-07-23T09:26:55.312Z"}
{"level":"info","message":"[Boot] Restoring sessions from disk...","timestamp":"2026-07-23T09:26:55.312Z"}
{"level":"info","message":"[Boot] Restored 0 session(s)","timestamp":"2026-07-23T09:26:55.312Z"}
{"level":"info","message":"[Boot] Launching Telegram bot...","timestamp":"2026-07-23T09:26:55.313Z"}
{"err":"Client network socket disconnected before secure TLS connection was established","level":"error","message":"[Redis] Connection error","timestamp":"2026-07-23T09:27:17.886Z"}
